0.7959 	WARNING 	We strongly recommend you activate the PTB sound engine in PsychoPy prefs as the preferred audio engine. Its timing is vastly superior. Your prefs are currently set to use ['sounddevice', 'PTB', 'pyo', 'pygame'] (in that order).
5.5679 	EXP 	Created window1 = Window(allowGUI=True, allowStencil=False, autoLog=True, backendConf=UNKNOWN, bitsMode=UNKNOWN, blendMode='avg', bpc=(8, 8, 8), color=array([0, 0, 0]), colorSpace='rgb', depthBits=8, fullscr=<method-wrapper '__getattribute__' of attributeSetter object at 0x7fd10ba942b0>, gamma=None, gammaErrorPolicy='raise', lms=UNKNOWN, monitor=<psychopy.monitors.calibTools.Monitor object at 0x7fd0bfeec4c0>, multiSample=False, name='window1', numSamples=2, pos=[367.5, 239.0], screen=0, size=array([2940, 1912]), stencilBits=0, stereo=False, units='height', useFBO=True, useRetina=True, viewOri=0.0, viewPos=None, viewScale=None, waitBlanking=True, winType='pyglet')
5.5681 	EXP 	window1: mouseVisible = True
5.5691 	EXP 	window1: mouseVisible = False
5.5691 	EXP 	window1: Attempting to measure frame rate of screen (0) ...
5.5692 	EXP 	window1: recordFrameIntervals = False
5.7353 	EXP 	window1: recordFrameIntervals = True
5.9349 	EXP 	Screen (0) actual frame rate measured at 59.95Hz
5.9349 	EXP 	window1: recordFrameIntervals = False
7.5951 	EXP 	Created introtext = TextStim(__class__=<class 'psychopy.visual.text.TextStim'>, alignHoriz=method-wrapper(...), alignText='center', alignVert=method-wrapper(...), anchorHoriz='center', anchorVert='center', antialias=True, autoDraw=False, autoLog=True, bold=False, color=array([1, 1, 1]), colorSpace='rgb', contrast=1.0, depth=0.0, flipHoriz=False, flipVert=False, font='Baskerville', fontFiles=[], height=0.05, italic=False, languageStyle='LTR', name='introtext', opacity=1.0, ori=0.0, pos=array([0., 0.]), rgb=UNKNOWN, text=str(...), units='height', win=Window(...), wrapWidth=1)
7.5955 	EXP 	Created stimulus = TextStim(__class__=<class 'psychopy.visual.text.TextStim'>, alignHoriz=method-wrapper(...), alignText='center', alignVert=method-wrapper(...), anchorHoriz='center', anchorVert='center', antialias=True, autoDraw=False, autoLog=True, bold=False, color=array([1, 1, 1]), colorSpace='rgb', contrast=1.0, depth=0.0, flipHoriz=False, flipVert=False, font='Baskerville', fontFiles=[], height=0.05, italic=False, languageStyle='LTR', name='stimulus', opacity=1.0, ori=0.0, pos=array([0., 0.]), rgb=UNKNOWN, text='', units='height', win=Window(...), wrapWidth=1)
7.6043 	EXP 	introtext: autoDraw = True
12.4577 	EXP 	Imported /Users/harpertzou/Desktop/crux_stimulus - Sheet1.csv as conditions, 5 conditions, 1 params
12.4585 	EXP 	Created sequence: random, trialTypes=5, nReps=3, seed=None
12.4589 	EXP 	New trial (rep=0, index=0): OrderedDict([('conditions', 'eyes')])
12.4701 	DATA 	Keypress: space
12.4743 	EXP 	introtext: autoDraw = False
12.4743 	EXP 	stimulus: height = 0.05
12.4743 	EXP 	stimulus: height = 0.05
12.4743 	EXP 	stimulus: height = 0.05
12.4743 	EXP 	stimulus: text = 'eyes'
12.4743 	EXP 	stimulus: autoDraw = True
19.4516 	EXP 	New trial (rep=0, index=1): OrderedDict([('conditions', 'right arm')])
19.4677 	EXP 	stimulus: autoDraw = False
19.4677 	EXP 	stimulus: height = 0.05
19.4677 	EXP 	stimulus: height = 0.05
19.4677 	EXP 	stimulus: height = 0.05
19.4677 	EXP 	stimulus: text = 'right arm'
19.4677 	EXP 	stimulus: autoDraw = True
26.4516 	EXP 	New trial (rep=0, index=2): OrderedDict([('conditions', 'left arm')])
26.4676 	EXP 	stimulus: autoDraw = False
26.4676 	EXP 	stimulus: height = 0.05
26.4676 	EXP 	stimulus: height = 0.05
26.4676 	EXP 	stimulus: height = 0.05
26.4676 	EXP 	stimulus: text = 'left arm'
26.4676 	EXP 	stimulus: autoDraw = True
33.4519 	EXP 	New trial (rep=0, index=3): OrderedDict([('conditions', 'feet')])
33.4676 	EXP 	stimulus: autoDraw = False
33.4676 	EXP 	stimulus: height = 0.05
33.4676 	EXP 	stimulus: height = 0.05
33.4676 	EXP 	stimulus: height = 0.05
33.4676 	EXP 	stimulus: text = 'feet'
33.4676 	EXP 	stimulus: autoDraw = True
33.5543 	DATA 	Keypress: escape
34.2167 	EXP 	window1: mouseVisible = True
