0.7648 	WARNING 	We strongly recommend you activate the PTB sound engine in PsychoPy prefs as the preferred audio engine. Its timing is vastly superior. Your prefs are currently set to use ['sounddevice', 'PTB', 'pyo', 'pygame'] (in that order).
4.6266 	EXP 	Created window1 = Window(allowGUI=True, allowStencil=False, autoLog=True, backendConf=UNKNOWN, bitsMode=UNKNOWN, blendMode='avg', bpc=(8, 8, 8), color=array([0, 0, 0]), colorSpace='rgb', depthBits=8, fullscr=<method-wrapper '__getattribute__' of attributeSetter object at 0x7fa85bf07250>, gamma=None, gammaErrorPolicy='raise', lms=UNKNOWN, monitor=<psychopy.monitors.calibTools.Monitor object at 0x7fa84a8a2370>, multiSample=False, name='window1', numSamples=2, pos=[367.5, 239.0], screen=0, size=array([2940, 1912]), stencilBits=0, stereo=False, units='height', useFBO=True, useRetina=True, viewOri=0.0, viewPos=None, viewScale=None, waitBlanking=True, winType='pyglet')
4.6268 	EXP 	window1: mouseVisible = True
4.6275 	EXP 	window1: mouseVisible = False
4.6275 	EXP 	window1: Attempting to measure frame rate of screen (0) ...
4.6275 	EXP 	window1: recordFrameIntervals = False
4.7930 	EXP 	window1: recordFrameIntervals = True
4.9766 	EXP 	Screen (0) actual frame rate measured at 59.97Hz
4.9767 	EXP 	window1: recordFrameIntervals = False
6.4204 	EXP 	Created introtext = TextStim(__class__=<class 'psychopy.visual.text.TextStim'>, alignHoriz=method-wrapper(...), alignText='center', alignVert=method-wrapper(...), anchorHoriz='center', anchorVert='center', antialias=True, autoDraw=False, autoLog=True, bold=False, color=array([1, 1, 1]), colorSpace='rgb', contrast=1.0, depth=0.0, flipHoriz=False, flipVert=False, font='Open Sans', fontFiles=[], height=0.05, italic=False, languageStyle='LTR', name='introtext', opacity=1.0, ori=0.0, pos=array([0., 0.]), rgb=UNKNOWN, text=str(...), units='height', win=Window(...), wrapWidth=1)
6.4215 	EXP 	Created headtext = TextStim(__class__=<class 'psychopy.visual.text.TextStim'>, alignHoriz=method-wrapper(...), alignText='center', alignVert=method-wrapper(...), anchorHoriz='center', anchorVert='center', antialias=True, autoDraw=False, autoLog=True, bold=False, color=array([1, 1, 1]), colorSpace='rgb', contrast=1.0, depth=0.0, flipHoriz=False, flipVert=False, font='Open Sans', fontFiles=[], height=0.05, italic=False, languageStyle='LTR', name='headtext', opacity=1.0, ori=0.0, pos=array([0., 0.]), rgb=UNKNOWN, text='head', units='height', win=Window(...), wrapWidth=1)
6.4225 	EXP 	Created feeettext = TextStim(__class__=<class 'psychopy.visual.text.TextStim'>, alignHoriz=method-wrapper(...), alignText='center', alignVert=method-wrapper(...), anchorHoriz='center', anchorVert='center', antialias=True, autoDraw=False, autoLog=True, bold=False, color=array([1, 1, 1]), colorSpace='rgb', contrast=1.0, depth=0.0, flipHoriz=False, flipVert=False, font='Open Sans', fontFiles=[], height=0.05, italic=False, languageStyle='LTR', name='feeettext', opacity=1.0, ori=0.0, pos=array([0., 0.]), rgb=UNKNOWN, text='feet', units='height', win=Window(...), wrapWidth=1)
6.4240 	EXP 	Created leftarmtext = TextStim(__class__=<class 'psychopy.visual.text.TextStim'>, alignHoriz=method-wrapper(...), alignText='center', alignVert=method-wrapper(...), anchorHoriz='center', anchorVert='center', antialias=True, autoDraw=False, autoLog=True, bold=False, color=array([1, 1, 1]), colorSpace='rgb', contrast=1.0, depth=0.0, flipHoriz=False, flipVert=False, font='Open Sans', fontFiles=[], height=0.05, italic=False, languageStyle='LTR', name='leftarmtext', opacity=1.0, ori=0.0, pos=array([0., 0.]), rgb=UNKNOWN, text='left arm', units='height', win=Window(...), wrapWidth=1)
6.4253 	EXP 	Created righarmtext = TextStim(__class__=<class 'psychopy.visual.text.TextStim'>, alignHoriz=method-wrapper(...), alignText='center', alignVert=method-wrapper(...), anchorHoriz='center', anchorVert='center', antialias=True, autoDraw=False, autoLog=True, bold=False, color=array([1, 1, 1]), colorSpace='rgb', contrast=1.0, depth=0.0, flipHoriz=False, flipVert=False, font='Open Sans', fontFiles=[], height=0.05, italic=False, languageStyle='LTR', name='righarmtext', opacity=1.0, ori=0.0, pos=array([0., 0.]), rgb=UNKNOWN, text='right arm', units='height', win=Window(...), wrapWidth=1)
6.4263 	EXP 	Created eyestext = TextStim(__class__=<class 'psychopy.visual.text.TextStim'>, alignHoriz=method-wrapper(...), alignText='center', alignVert=method-wrapper(...), anchorHoriz='center', anchorVert='center', antialias=True, autoDraw=False, autoLog=True, bold=False, color=array([1, 1, 1]), colorSpace='rgb', contrast=1.0, depth=0.0, flipHoriz=False, flipVert=False, font='Open Sans', fontFiles=[], height=0.05, italic=False, languageStyle='LTR', name='eyestext', opacity=1.0, ori=0.0, pos=array([0., 0.]), rgb=UNKNOWN, text='eyes', units='height', win=Window(...), wrapWidth=1)
6.4356 	EXP 	introtext: autoDraw = True
8.0000 	EXP 	Created sequence: random, trialTypes=1, nReps=3, seed=None
8.0003 	EXP 	New trial (rep=0, index=0): None
8.0100 	DATA 	Keypress: space
8.0146 	EXP 	introtext: autoDraw = False
8.0146 	EXP 	headtext: autoDraw = True
9.0523 	DATA 	Keypress: space
10.2458 	DATA 	Keypress: escape
10.6202 	EXP 	window1: mouseVisible = True
