0.7114 	WARNING 	We strongly recommend you activate the PTB sound engine in PsychoPy prefs as the preferred audio engine. Its timing is vastly superior. Your prefs are currently set to use ['sounddevice', 'PTB', 'pyo', 'pygame'] (in that order).
4.9162 	EXP 	Created window1 = Window(allowGUI=True, allowStencil=False, autoLog=True, backendConf=UNKNOWN, bitsMode=UNKNOWN, blendMode='avg', bpc=(8, 8, 8), color=array([0, 0, 0]), colorSpace='rgb', depthBits=8, fullscr=<method-wrapper '__getattribute__' of attributeSetter object at 0x7fa52b130250>, gamma=None, gammaErrorPolicy='raise', lms=UNKNOWN, monitor=<psychopy.monitors.calibTools.Monitor object at 0x7fa4eb3a9670>, multiSample=False, name='window1', numSamples=2, pos=[367.5, 239.0], screen=0, size=array([2940, 1912]), stencilBits=0, stereo=False, units='height', useFBO=True, useRetina=True, viewOri=0.0, viewPos=None, viewScale=None, waitBlanking=True, winType='pyglet')
4.9164 	EXP 	window1: mouseVisible = True
4.9171 	EXP 	window1: mouseVisible = False
4.9171 	EXP 	window1: Attempting to measure frame rate of screen (0) ...
4.9171 	EXP 	window1: recordFrameIntervals = False
5.0829 	EXP 	window1: recordFrameIntervals = True
5.2664 	EXP 	Screen (0) actual frame rate measured at 60.05Hz
5.2664 	EXP 	window1: recordFrameIntervals = False
6.7035 	EXP 	Created introtext = TextStim(__class__=<class 'psychopy.visual.text.TextStim'>, alignHoriz=method-wrapper(...), alignText='center', alignVert=method-wrapper(...), anchorHoriz='center', anchorVert='center', antialias=True, autoDraw=False, autoLog=True, bold=False, color=array([1, 1, 1]), colorSpace='rgb', contrast=1.0, depth=0.0, flipHoriz=False, flipVert=False, font='Baskerville', fontFiles=[], height=0.05, italic=False, languageStyle='LTR', name='introtext', opacity=1.0, ori=0.0, pos=array([0., 0.]), rgb=UNKNOWN, text=str(...), units='height', win=Window(...), wrapWidth=1)
6.7039 	EXP 	Created stimulus = TextStim(__class__=<class 'psychopy.visual.text.TextStim'>, alignHoriz=method-wrapper(...), alignText='center', alignVert=method-wrapper(...), anchorHoriz='center', anchorVert='center', antialias=True, autoDraw=False, autoLog=True, bold=False, color=array([1, 1, 1]), colorSpace='rgb', contrast=1.0, depth=0.0, flipHoriz=False, flipVert=False, font='Baskerville', fontFiles=[], height=0.05, italic=False, languageStyle='LTR', name='stimulus', opacity=1.0, ori=0.0, pos=array([0., 0.]), rgb=UNKNOWN, text='', units='height', win=Window(...), wrapWidth=1)
6.7119 	EXP 	introtext: autoDraw = True
7.5867 	DATA 	Keypress: lcommand
7.8121 	EXP 	Imported /Users/harpertzou/Desktop/crux_stimulus - Sheet1.csv as conditions, 5 conditions, 1 params
7.8130 	EXP 	Created sequence: random, trialTypes=5, nReps=3, seed=None
7.8136 	EXP 	New trial (rep=0, index=0): OrderedDict([('conditions', 'right arm')])
7.8262 	DATA 	Keypress: space
7.8308 	EXP 	introtext: autoDraw = False
7.8308 	EXP 	stimulus: height = 0.05
7.8308 	EXP 	stimulus: height = 0.05
7.8308 	EXP 	stimulus: height = 0.05
7.8308 	EXP 	stimulus: text = 'right arm'
7.8308 	EXP 	stimulus: autoDraw = True
8.7186 	DATA 	Keypress: escape
9.3803 	EXP 	window1: mouseVisible = True
