0.7857 	WARNING 	We strongly recommend you activate the PTB sound engine in PsychoPy prefs as the preferred audio engine. Its timing is vastly superior. Your prefs are currently set to use ['sounddevice', 'PTB', 'pyo', 'pygame'] (in that order).
8.9702 	WARNING 	User requested fullscreen with size [1024  768], but screen is actually [1470, 956]. Using actual size
9.5243 	EXP 	Created window1 = Window(allowGUI=True, allowStencil=False, autoLog=True, backendConf=UNKNOWN, bitsMode=UNKNOWN, blendMode='avg', bpc=(8, 8, 8), color=array([0, 0, 0]), colorSpace='rgb', depthBits=8, fullscr=<method-wrapper '__getattribute__' of attributeSetter object at 0x7f7f2c4b1310>, gamma=None, gammaErrorPolicy='raise', lms=UNKNOWN, monitor=<psychopy.monitors.calibTools.Monitor object at 0x7f7ebd142430>, multiSample=False, name='window1', numSamples=2, pos=[367.5, 239.0], screen=0, size=array([2940, 1912]), stencilBits=0, stereo=False, units='height', useFBO=True, useRetina=True, viewOri=0.0, viewPos=None, viewScale=None, waitBlanking=True, winType='pyglet')
9.5245 	EXP 	window1: mouseVisible = True
9.5254 	EXP 	window1: mouseVisible = False
9.5255 	EXP 	window1: Attempting to measure frame rate of screen (0) ...
9.5255 	EXP 	window1: recordFrameIntervals = False
9.6910 	EXP 	window1: recordFrameIntervals = True
9.8750 	EXP 	Screen (0) actual frame rate measured at 59.91Hz
9.8751 	EXP 	window1: recordFrameIntervals = False
11.5568 	EXP 	Created text = TextStim(__class__=<class 'psychopy.visual.text.TextStim'>, alignHoriz=method-wrapper(...), alignText='center', alignVert=method-wrapper(...), anchorHoriz='center', anchorVert='center', antialias=True, autoDraw=False, autoLog=True, bold=False, color=array([1, 1, 1]), colorSpace='rgb', contrast=1.0, depth=0.0, flipHoriz=False, flipVert=False, font='Baskerville', fontFiles=[], height=0.06, italic=False, languageStyle='LTR', name='text', opacity=1.0, ori=0.0, pos=array([0., 0.]), rgb=UNKNOWN, text=str(...), units='height', win=Window(...), wrapWidth=1)
11.5573 	EXP 	Created stimulus_text = TextStim(__class__=<class 'psychopy.visual.text.TextStim'>, alignHoriz=method-wrapper(...), alignText='center', alignVert=method-wrapper(...), anchorHoriz='center', anchorVert='center', antialias=True, autoDraw=False, autoLog=True, bold=False, color=array([1, 1, 1]), colorSpace='rgb', contrast=1.0, depth=0.0, flipHoriz=False, flipVert=False, font='Baskerville', fontFiles=[], height=0.15, italic=False, languageStyle='LTR', name='stimulus_text', opacity=1.0, ori=0.0, pos=array([0., 0.]), rgb=UNKNOWN, text='', units='height', win=Window(...), wrapWidth=1)
11.5574 	EXP 	window1: mouseVisible = True
11.5678 	EXP 	text: autoDraw = True
12.9201 	EXP 	Imported /Users/harpertzou/Desktop/crux_stimulus_final.csv as conditions, 5 conditions, 1 params
12.9211 	EXP 	Created sequence: random, trialTypes=5, nReps=5, seed=None
12.9215 	EXP 	New trial (rep=0, index=0): OrderedDict([('conditions', 'right hand')])
12.9309 	DATA 	Keypress: space
12.9364 	EXP 	text: autoDraw = False
12.9364 	EXP 	stimulus_text: height = 0.15
12.9364 	EXP 	stimulus_text: height = 0.15
12.9364 	EXP 	stimulus_text: height = 0.15
12.9364 	EXP 	stimulus_text: text = 'right hand'
12.9364 	EXP 	stimulus_text: autoDraw = True
19.9417 	EXP 	stimulus_text: autoDraw = False
29.6495 	DATA 	Keypress: space
30.1758 	DATA 	Keypress: space
30.5256 	DATA 	Keypress: space
30.9428 	DATA 	Keypress: space
33.0443 	DATA 	Keypress: escape
33.7096 	EXP 	window1: mouseVisible = True
