0.7017 	WARNING 	We strongly recommend you activate the PTB sound engine in PsychoPy prefs as the preferred audio engine. Its timing is vastly superior. Your prefs are currently set to use ['sounddevice', 'PTB', 'pyo', 'pygame'] (in that order).
12.1078 	WARNING 	User requested fullscreen with size [1024  768], but screen is actually [1470, 956]. Using actual size
12.6153 	EXP 	Created window1 = Window(allowGUI=True, allowStencil=False, autoLog=True, backendConf=UNKNOWN, bitsMode=UNKNOWN, blendMode='avg', bpc=(8, 8, 8), color=array([0, 0, 0]), colorSpace='rgb', depthBits=8, fullscr=<method-wrapper '__getattribute__' of attributeSetter object at 0x7ff013a0f280>, gamma=None, gammaErrorPolicy='raise', lms=UNKNOWN, monitor=<psychopy.monitors.calibTools.Monitor object at 0x7fefb1eb75e0>, multiSample=False, name='window1', numSamples=2, pos=[367.5, 239.0], screen=0, size=array([2940, 1912]), stencilBits=0, stereo=False, units='height', useFBO=True, useRetina=True, viewOri=0.0, viewPos=None, viewScale=None, waitBlanking=True, winType='pyglet')
12.6155 	EXP 	window1: mouseVisible = True
12.6161 	EXP 	window1: mouseVisible = False
12.6162 	EXP 	window1: Attempting to measure frame rate of screen (0) ...
12.6162 	EXP 	window1: recordFrameIntervals = False
12.7820 	EXP 	window1: recordFrameIntervals = True
12.9654 	EXP 	Screen (0) actual frame rate measured at 60.03Hz
12.9654 	EXP 	window1: recordFrameIntervals = False
14.4045 	EXP 	Created introtext = TextStim(__class__=<class 'psychopy.visual.text.TextStim'>, alignHoriz=method-wrapper(...), alignText='center', alignVert=method-wrapper(...), anchorHoriz='center', anchorVert='center', antialias=True, autoDraw=False, autoLog=True, bold=False, color=array([0., 0., 0.]), colorSpace='rgb', contrast=1.0, depth=0.0, flipHoriz=False, flipVert=False, font='Baskerville', fontFiles=[], height=0.15, italic=False, languageStyle='LTR', name='introtext', opacity=1.0, ori=0.0, pos=array([0., 0.]), rgb=UNKNOWN, text=str(...), units='height', win=Window(...), wrapWidth=1)
14.4049 	EXP 	Created stimulus_text = TextStim(__class__=<class 'psychopy.visual.text.TextStim'>, alignHoriz=method-wrapper(...), alignText='center', alignVert=method-wrapper(...), anchorHoriz='center', anchorVert='center', antialias=True, autoDraw=False, autoLog=True, bold=False, color=array([1, 1, 1]), colorSpace='rgb', contrast=1.0, depth=0.0, flipHoriz=False, flipVert=False, font='Baskerville', fontFiles=[], height=0.15, italic=False, languageStyle='LTR', name='stimulus_text', opacity=1.0, ori=0.0, pos=array([0., 0.]), rgb=UNKNOWN, text='', units='height', win=Window(...), wrapWidth=1)
14.4051 	EXP 	window1: mouseVisible = True
14.4139 	EXP 	introtext: autoDraw = True
21.2832 	DATA 	Mouse: Left button down, pos=(565,386)
21.4999 	DATA 	Mouse:  Left button up, pos=(546,401)
22.8040 	EXP 	Imported /Users/harpertzou/Desktop/crux_stimulus - Sheet1.csv as conditions, 5 conditions, 1 params
22.8049 	EXP 	Created sequence: random, trialTypes=5, nReps=5, seed=None
22.8052 	EXP 	New trial (rep=0, index=0): OrderedDict([('conditions', 'feet')])
22.8119 	DATA 	Keypress: space
22.8178 	EXP 	introtext: autoDraw = False
22.8178 	EXP 	stimulus_text: height = 0.15
22.8178 	EXP 	stimulus_text: height = 0.15
22.8178 	EXP 	stimulus_text: height = 0.15
22.8178 	EXP 	stimulus_text: text = 'feet'
22.8178 	EXP 	stimulus_text: autoDraw = True
27.8236 	DATA 	Keypress: space
28.0498 	DATA 	Keypress: space
28.3991 	DATA 	Keypress: space
29.5985 	DATA 	Mouse: Left button down, pos=(614,402)
29.6005 	EXP 	New trial (rep=0, index=1): OrderedDict([('conditions', 'head')])
29.6139 	EXP 	stimulus_text: autoDraw = False
29.6139 	EXP 	stimulus_text: height = 0.15
29.6139 	EXP 	stimulus_text: height = 0.15
29.6139 	EXP 	stimulus_text: height = 0.15
29.6139 	EXP 	stimulus_text: text = 'head'
29.6139 	EXP 	stimulus_text: autoDraw = True
29.7482 	DATA 	Mouse:  Left button up, pos=(614,403)
30.5994 	DATA 	Mouse: Left button down, pos=(614,403)
30.6012 	EXP 	New trial (rep=0, index=2): OrderedDict([('conditions', 'right arm')])
30.6146 	EXP 	stimulus_text: autoDraw = False
30.6146 	EXP 	stimulus_text: height = 0.15
30.6146 	EXP 	stimulus_text: height = 0.15
30.6146 	EXP 	stimulus_text: height = 0.15
30.6146 	EXP 	stimulus_text: text = 'right arm'
30.6146 	EXP 	stimulus_text: autoDraw = True
30.7320 	DATA 	Mouse:  Left button up, pos=(614,403)
30.9660 	DATA 	Mouse: Left button down, pos=(614,403)
30.9679 	EXP 	New trial (rep=0, index=3): OrderedDict([('conditions', 'left arm')])
30.9810 	EXP 	stimulus_text: autoDraw = False
30.9810 	EXP 	stimulus_text: height = 0.15
30.9810 	EXP 	stimulus_text: height = 0.15
30.9810 	EXP 	stimulus_text: height = 0.15
30.9810 	EXP 	stimulus_text: text = 'left arm'
30.9810 	EXP 	stimulus_text: autoDraw = True
31.0487 	DATA 	Mouse:  Left button up, pos=(614,403)
31.6333 	DATA 	Keypress: escape
32.1679 	EXP 	window1: mouseVisible = True
