0.7123 	WARNING 	We strongly recommend you activate the PTB sound engine in PsychoPy prefs as the preferred audio engine. Its timing is vastly superior. Your prefs are currently set to use ['sounddevice', 'PTB', 'pyo', 'pygame'] (in that order).
6.9240 	WARNING 	User requested fullscreen with size [1024  768], but screen is actually [1470, 956]. Using actual size
7.4547 	EXP 	Created window1 = Window(allowGUI=True, allowStencil=False, autoLog=True, backendConf=UNKNOWN, bitsMode=UNKNOWN, blendMode='avg', bpc=(8, 8, 8), color=array([0, 0, 0]), colorSpace='rgb', depthBits=8, fullscr=<method-wrapper '__getattribute__' of attributeSetter object at 0x7f873b192340>, gamma=None, gammaErrorPolicy='raise', lms=UNKNOWN, monitor=<psychopy.monitors.calibTools.Monitor object at 0x7f86cb61f3a0>, multiSample=False, name='window1', numSamples=2, pos=[367.5, 239.0], screen=0, size=array([2940, 1912]), stencilBits=0, stereo=False, units='height', useFBO=True, useRetina=True, viewOri=0.0, viewPos=None, viewScale=None, waitBlanking=True, winType='pyglet')
7.4549 	EXP 	window1: mouseVisible = True
7.4559 	EXP 	window1: mouseVisible = False
7.4559 	EXP 	window1: Attempting to measure frame rate of screen (0) ...
7.4560 	EXP 	window1: recordFrameIntervals = False
7.6213 	EXP 	window1: recordFrameIntervals = True
7.9050 	EXP 	Screen (0) actual frame rate measured at 60.07Hz
7.9051 	EXP 	window1: recordFrameIntervals = False
9.3633 	EXP 	Created introtext = TextStim(__class__=<class 'psychopy.visual.text.TextStim'>, alignHoriz=method-wrapper(...), alignText='center', alignVert=method-wrapper(...), anchorHoriz='center', anchorVert='center', antialias=True, autoDraw=False, autoLog=True, bold=False, color=array([0., 0., 0.]), colorSpace='rgb', contrast=1.0, depth=0.0, flipHoriz=False, flipVert=False, font='Baskerville', fontFiles=[], height=0.05, italic=False, languageStyle='LTR', name='introtext', opacity=1.0, ori=0.0, pos=array([0., 0.]), rgb=UNKNOWN, text=str(...), units='height', win=Window(...), wrapWidth=1)
9.3639 	EXP 	Created stimulus_text = TextStim(__class__=<class 'psychopy.visual.text.TextStim'>, alignHoriz=method-wrapper(...), alignText='center', alignVert=method-wrapper(...), anchorHoriz='center', anchorVert='center', antialias=True, autoDraw=False, autoLog=True, bold=False, color=array([1, 1, 1]), colorSpace='rgb', contrast=1.0, depth=0.0, flipHoriz=False, flipVert=False, font='Baskerville', fontFiles=[], height=0.15, italic=False, languageStyle='LTR', name='stimulus_text', opacity=1.0, ori=0.0, pos=array([0., 0.]), rgb=UNKNOWN, text='', units='height', win=Window(...), wrapWidth=1)
9.3641 	EXP 	window1: mouseVisible = True
9.3737 	EXP 	introtext: autoDraw = True
13.7727 	EXP 	Imported /Users/harpertzou/Desktop/crux_stimulus - Sheet1.csv as conditions, 5 conditions, 1 params
13.7736 	EXP 	Created sequence: random, trialTypes=5, nReps=5, seed=None
13.7740 	EXP 	New trial (rep=0, index=0): OrderedDict([('conditions', 'head')])
13.7818 	DATA 	Keypress: space
13.7878 	EXP 	introtext: autoDraw = False
13.7878 	EXP 	stimulus_text: height = 0.15
13.7878 	EXP 	stimulus_text: height = 0.15
13.7878 	EXP 	stimulus_text: height = 0.15
13.7878 	EXP 	stimulus_text: text = 'head'
13.7878 	EXP 	stimulus_text: autoDraw = True
14.8576 	DATA 	Keypress: escape
15.0959 	EXP 	window1: mouseVisible = True
