0.7697 	WARNING 	We strongly recommend you activate the PTB sound engine in PsychoPy prefs as the preferred audio engine. Its timing is vastly superior. Your prefs are currently set to use ['sounddevice', 'PTB', 'pyo', 'pygame'] (in that order).
7.6488 	WARNING 	User requested fullscreen with size [1024  768], but screen is actually [1470, 956]. Using actual size
8.1680 	EXP 	Created window1 = Window(allowGUI=True, allowStencil=False, autoLog=True, backendConf=UNKNOWN, bitsMode=UNKNOWN, blendMode='avg', bpc=(8, 8, 8), color=array([0, 0, 0]), colorSpace='rgb', depthBits=8, fullscr=<method-wrapper '__getattribute__' of attributeSetter object at 0x7fba5433f310>, gamma=None, gammaErrorPolicy='raise', lms=UNKNOWN, monitor=<psychopy.monitors.calibTools.Monitor object at 0x7fb9fc0b8340>, multiSample=False, name='window1', numSamples=2, pos=[367.5, 239.0], screen=0, size=array([2940, 1912]), stencilBits=0, stereo=False, units='height', useFBO=True, useRetina=True, viewOri=0.0, viewPos=None, viewScale=None, waitBlanking=True, winType='pyglet')
8.1682 	EXP 	window1: mouseVisible = True
8.1691 	EXP 	window1: mouseVisible = False
8.1692 	EXP 	window1: Attempting to measure frame rate of screen (0) ...
8.1692 	EXP 	window1: recordFrameIntervals = False
8.3346 	EXP 	window1: recordFrameIntervals = True
8.5183 	EXP 	Screen (0) actual frame rate measured at 59.95Hz
8.5184 	EXP 	window1: recordFrameIntervals = False
9.9706 	EXP 	Created introtext = TextStim(__class__=<class 'psychopy.visual.text.TextStim'>, alignHoriz=method-wrapper(...), alignText='center', alignVert=method-wrapper(...), anchorHoriz='center', anchorVert='center', antialias=True, autoDraw=False, autoLog=True, bold=False, color=array([0., 0., 0.]), colorSpace='rgb', contrast=1.0, depth=0.0, flipHoriz=False, flipVert=False, font='Baskerville', fontFiles=[], height=0.09, italic=False, languageStyle='LTR', name='introtext', opacity=1.0, ori=0.0, pos=array([0., 0.]), rgb=UNKNOWN, text=str(...), units='height', win=Window(...), wrapWidth=1)
9.9713 	EXP 	Created stimulus_text = TextStim(__class__=<class 'psychopy.visual.text.TextStim'>, alignHoriz=method-wrapper(...), alignText='center', alignVert=method-wrapper(...), anchorHoriz='center', anchorVert='center', antialias=True, autoDraw=False, autoLog=True, bold=False, color=array([1, 1, 1]), colorSpace='rgb', contrast=1.0, depth=0.0, flipHoriz=False, flipVert=False, font='Baskerville', fontFiles=[], height=0.15, italic=False, languageStyle='LTR', name='stimulus_text', opacity=1.0, ori=0.0, pos=array([0., 0.]), rgb=UNKNOWN, text='', units='height', win=Window(...), wrapWidth=1)
9.9714 	EXP 	window1: mouseVisible = True
9.9806 	EXP 	introtext: autoDraw = True
17.0577 	EXP 	Imported /Users/harpertzou/Desktop/crux_stimulus - Sheet1.csv as conditions, 5 conditions, 1 params
17.0587 	EXP 	Created sequence: random, trialTypes=5, nReps=5, seed=None
17.0590 	EXP 	New trial (rep=0, index=0): OrderedDict([('conditions', 'head')])
17.0684 	DATA 	Keypress: space
17.0748 	EXP 	introtext: autoDraw = False
17.0748 	EXP 	stimulus_text: height = 0.15
17.0748 	EXP 	stimulus_text: height = 0.15
17.0748 	EXP 	stimulus_text: height = 0.15
17.0748 	EXP 	stimulus_text: text = 'head'
17.0748 	EXP 	stimulus_text: autoDraw = True
17.8855 	DATA 	Keypress: space
18.0359 	DATA 	Keypress: space
18.1854 	DATA 	Keypress: space
18.2855 	DATA 	Keypress: escape
18.7401 	EXP 	window1: mouseVisible = True
