0.7874 	WARNING 	We strongly recommend you activate the PTB sound engine in PsychoPy prefs as the preferred audio engine. Its timing is vastly superior. Your prefs are currently set to use ['sounddevice', 'PTB', 'pyo', 'pygame'] (in that order).
19.7765 	WARNING 	User requested fullscreen with size [1024  768], but screen is actually [1470, 956]. Using actual size
20.3033 	EXP 	Created window1 = Window(allowGUI=True, allowStencil=False, autoLog=True, backendConf=UNKNOWN, bitsMode=UNKNOWN, blendMode='avg', bpc=(8, 8, 8), color=array([0, 0, 0]), colorSpace='rgb', depthBits=8, fullscr=<method-wrapper '__getattribute__' of attributeSetter object at 0x7fd37330e340>, gamma=None, gammaErrorPolicy='raise', lms=UNKNOWN, monitor=<psychopy.monitors.calibTools.Monitor object at 0x7fd362f523d0>, multiSample=False, name='window1', numSamples=2, pos=[367.5, 239.0], screen=0, size=array([2940, 1912]), stencilBits=0, stereo=False, units='height', useFBO=True, useRetina=True, viewOri=0.0, viewPos=None, viewScale=None, waitBlanking=True, winType='pyglet')
20.3036 	EXP 	window1: mouseVisible = True
20.3043 	EXP 	window1: mouseVisible = False
20.3043 	EXP 	window1: Attempting to measure frame rate of screen (0) ...
20.3043 	EXP 	window1: recordFrameIntervals = False
20.4698 	EXP 	window1: recordFrameIntervals = True
20.7535 	EXP 	Screen (0) actual frame rate measured at 60.01Hz
20.7535 	EXP 	window1: recordFrameIntervals = False
22.4190 	EXP 	Created text = TextStim(__class__=<class 'psychopy.visual.text.TextStim'>, alignHoriz=method-wrapper(...), alignText='center', alignVert=method-wrapper(...), anchorHoriz='center', anchorVert='center', antialias=True, autoDraw=False, autoLog=True, bold=False, color=array([1, 1, 1]), colorSpace='rgb', contrast=1.0, depth=0.0, flipHoriz=False, flipVert=False, font='Baskerville', fontFiles=[], height=0.06, italic=False, languageStyle='LTR', name='text', opacity=1.0, ori=0.0, pos=array([0., 0.]), rgb=UNKNOWN, text=str(...), units='height', win=Window(...), wrapWidth=1)
22.4195 	EXP 	Created stimulus_text = TextStim(__class__=<class 'psychopy.visual.text.TextStim'>, alignHoriz=method-wrapper(...), alignText='center', alignVert=method-wrapper(...), anchorHoriz='center', anchorVert='center', antialias=True, autoDraw=False, autoLog=True, bold=False, color=array([1, 1, 1]), colorSpace='rgb', contrast=1.0, depth=0.0, flipHoriz=False, flipVert=False, font='Baskerville', fontFiles=[], height=0.15, italic=False, languageStyle='LTR', name='stimulus_text', opacity=1.0, ori=0.0, pos=array([0., 0.]), rgb=UNKNOWN, text='', units='height', win=Window(...), wrapWidth=1)
22.4197 	EXP 	window1: mouseVisible = True
22.4286 	EXP 	text: autoDraw = True
26.6548 	EXP 	Imported /Users/harpertzou/Desktop/crux_stimulus - Sheet1.csv as conditions, 5 conditions, 1 params
26.6557 	EXP 	Created sequence: random, trialTypes=5, nReps=5, seed=None
26.6561 	EXP 	New trial (rep=0, index=0): OrderedDict([('conditions', 'right arm')])
26.6656 	DATA 	Keypress: space
26.6716 	EXP 	text: autoDraw = False
26.6716 	EXP 	stimulus_text: height = 0.15
26.6716 	EXP 	stimulus_text: height = 0.15
26.6716 	EXP 	stimulus_text: height = 0.15
26.6716 	EXP 	stimulus_text: text = 'right arm'
26.6716 	EXP 	stimulus_text: autoDraw = True
38.1557 	DATA 	Keypress: escape
38.5166 	EXP 	window1: mouseVisible = True
