0.7757 	WARNING 	We strongly recommend you activate the PTB sound engine in PsychoPy prefs as the preferred audio engine. Its timing is vastly superior. Your prefs are currently set to use ['sounddevice', 'PTB', 'pyo', 'pygame'] (in that order).
6.8416 	WARNING 	User requested fullscreen with size [1024  768], but screen is actually [1470, 956]. Using actual size
7.3787 	EXP 	Created window1 = Window(allowGUI=True, allowStencil=False, autoLog=True, backendConf=UNKNOWN, bitsMode=UNKNOWN, blendMode='avg', bpc=(8, 8, 8), color=array([0, 0, 0]), colorSpace='rgb', depthBits=8, fullscr=<method-wrapper '__getattribute__' of attributeSetter object at 0x7fb7eb3c7340>, gamma=None, gammaErrorPolicy='raise', lms=UNKNOWN, monitor=<psychopy.monitors.calibTools.Monitor object at 0x7fb7c5615460>, multiSample=False, name='window1', numSamples=2, pos=[367.5, 239.0], screen=0, size=array([2940, 1912]), stencilBits=0, stereo=False, units='height', useFBO=True, useRetina=True, viewOri=0.0, viewPos=None, viewScale=None, waitBlanking=True, winType='pyglet')
7.3790 	EXP 	window1: mouseVisible = True
7.3798 	EXP 	window1: mouseVisible = False
7.3798 	EXP 	window1: Attempting to measure frame rate of screen (0) ...
7.3799 	EXP 	window1: recordFrameIntervals = False
7.5453 	EXP 	window1: recordFrameIntervals = True
7.7294 	EXP 	Screen (0) actual frame rate measured at 59.89Hz
7.7295 	EXP 	window1: recordFrameIntervals = False
9.3856 	EXP 	Created text = TextStim(__class__=<class 'psychopy.visual.text.TextStim'>, alignHoriz=method-wrapper(...), alignText='center', alignVert=method-wrapper(...), anchorHoriz='center', anchorVert='center', antialias=True, autoDraw=False, autoLog=True, bold=False, color=array([1, 1, 1]), colorSpace='rgb', contrast=1.0, depth=0.0, flipHoriz=False, flipVert=False, font='Baskerville', fontFiles=[], height=0.06, italic=False, languageStyle='LTR', name='text', opacity=1.0, ori=0.0, pos=array([0., 0.]), rgb=UNKNOWN, text=str(...), units='height', win=Window(...), wrapWidth=1)
9.3861 	EXP 	Created stimulus_text = TextStim(__class__=<class 'psychopy.visual.text.TextStim'>, alignHoriz=method-wrapper(...), alignText='center', alignVert=method-wrapper(...), anchorHoriz='center', anchorVert='center', antialias=True, autoDraw=False, autoLog=True, bold=False, color=array([1, 1, 1]), colorSpace='rgb', contrast=1.0, depth=0.0, flipHoriz=False, flipVert=False, font='Baskerville', fontFiles=[], height=0.15, italic=False, languageStyle='LTR', name='stimulus_text', opacity=1.0, ori=0.0, pos=array([0., 0.]), rgb=UNKNOWN, text='', units='height', win=Window(...), wrapWidth=1)
9.3863 	EXP 	window1: mouseVisible = True
9.3974 	EXP 	text: autoDraw = True
11.3470 	DATA 	Keypress: b
12.5235 	EXP 	Imported /Users/harpertzou/Desktop/crux_stimulus_final.csv as conditions, 5 conditions, 1 params
12.5246 	EXP 	Created sequence: random, trialTypes=5, nReps=5, seed=None
12.5250 	EXP 	New trial (rep=0, index=0): OrderedDict([('conditions', 'feet')])
12.5311 	DATA 	Keypress: space
12.5366 	EXP 	text: autoDraw = False
12.5366 	EXP 	stimulus_text: height = 0.15
12.5366 	EXP 	stimulus_text: height = 0.15
12.5366 	EXP 	stimulus_text: height = 0.15
12.5366 	EXP 	stimulus_text: text = 'feet'
12.5366 	EXP 	stimulus_text: autoDraw = True
19.5306 	EXP 	New trial (rep=0, index=1): OrderedDict([('conditions', 'right hand')])
19.5468 	EXP 	stimulus_text: autoDraw = False
19.5468 	EXP 	stimulus_text: height = 0.15
19.5468 	EXP 	stimulus_text: height = 0.15
19.5468 	EXP 	stimulus_text: height = 0.15
19.5468 	EXP 	stimulus_text: text = 'right hand'
19.5468 	EXP 	stimulus_text: autoDraw = True
20.3131 	DATA 	Mouse: Left button down, pos=(473,592)
20.3150 	EXP 	New trial (rep=0, index=2): OrderedDict([('conditions', 'eyes')])
20.3278 	EXP 	stimulus_text: autoDraw = False
20.3278 	EXP 	stimulus_text: height = 0.15
20.3278 	EXP 	stimulus_text: height = 0.15
20.3278 	EXP 	stimulus_text: height = 0.15
20.3278 	EXP 	stimulus_text: text = 'eyes'
20.3278 	EXP 	stimulus_text: autoDraw = True
20.3953 	DATA 	Mouse:  Left button up, pos=(473,592)
22.8309 	DATA 	Keypress: escape
23.4976 	EXP 	window1: mouseVisible = True
