0.7321 	WARNING 	We strongly recommend you activate the PTB sound engine in PsychoPy prefs as the preferred audio engine. Its timing is vastly superior. Your prefs are currently set to use ['sounddevice', 'PTB', 'pyo', 'pygame'] (in that order).
6.8907 	WARNING 	User requested fullscreen with size [1024  768], but screen is actually [1470, 956]. Using actual size
7.4036 	EXP 	Created window1 = Window(allowGUI=True, allowStencil=False, autoLog=True, backendConf=UNKNOWN, bitsMode=UNKNOWN, blendMode='avg', bpc=(8, 8, 8), color=array([0, 0, 0]), colorSpace='rgb', depthBits=8, fullscr=<method-wrapper '__getattribute__' of attributeSetter object at 0x7f9a13327310>, gamma=None, gammaErrorPolicy='raise', lms=UNKNOWN, monitor=<psychopy.monitors.calibTools.Monitor object at 0x7f99a235c4c0>, multiSample=False, name='window1', numSamples=2, pos=[367.5, 239.0], screen=0, size=array([2940, 1912]), stencilBits=0, stereo=False, units='height', useFBO=True, useRetina=True, viewOri=0.0, viewPos=None, viewScale=None, waitBlanking=True, winType='pyglet')
7.4039 	EXP 	window1: mouseVisible = True
7.4045 	EXP 	window1: mouseVisible = False
7.4046 	EXP 	window1: Attempting to measure frame rate of screen (0) ...
7.4046 	EXP 	window1: recordFrameIntervals = False
7.5699 	EXP 	window1: recordFrameIntervals = True
7.7529 	EXP 	Screen (0) actual frame rate measured at 59.83Hz
7.7529 	EXP 	window1: recordFrameIntervals = False
9.2056 	EXP 	Created introtext = TextStim(__class__=<class 'psychopy.visual.text.TextStim'>, alignHoriz=method-wrapper(...), alignText='center', alignVert=method-wrapper(...), anchorHoriz='center', anchorVert='center', antialias=True, autoDraw=False, autoLog=True, bold=False, color=array([1, 1, 1]), colorSpace='rgb', contrast=1.0, depth=0.0, flipHoriz=False, flipVert=False, font='Open Sans', fontFiles=[], height=0.05, italic=False, languageStyle='LTR', name='introtext', opacity=1.0, ori=0.0, pos=array([0., 0.]), rgb=UNKNOWN, text=str(...), units='height', win=Window(...), wrapWidth=1)
9.2067 	EXP 	Created headtext = TextStim(__class__=<class 'psychopy.visual.text.TextStim'>, alignHoriz=method-wrapper(...), alignText='center', alignVert=method-wrapper(...), anchorHoriz='center', anchorVert='center', antialias=True, autoDraw=False, autoLog=True, bold=False, color=array([1, 1, 1]), colorSpace='rgb', contrast=1.0, depth=0.0, flipHoriz=False, flipVert=False, font='Open Sans', fontFiles=[], height=0.05, italic=False, languageStyle='LTR', name='headtext', opacity=1.0, ori=0.0, pos=array([0., 0.]), rgb=UNKNOWN, text='head', units='height', win=Window(...), wrapWidth=1)
9.2077 	EXP 	Created feeettext = TextStim(__class__=<class 'psychopy.visual.text.TextStim'>, alignHoriz=method-wrapper(...), alignText='center', alignVert=method-wrapper(...), anchorHoriz='center', anchorVert='center', antialias=True, autoDraw=False, autoLog=True, bold=False, color=array([1, 1, 1]), colorSpace='rgb', contrast=1.0, depth=0.0, flipHoriz=False, flipVert=False, font='Open Sans', fontFiles=[], height=0.05, italic=False, languageStyle='LTR', name='feeettext', opacity=1.0, ori=0.0, pos=array([0., 0.]), rgb=UNKNOWN, text='feet', units='height', win=Window(...), wrapWidth=1)
9.2091 	EXP 	Created leftarmtext = TextStim(__class__=<class 'psychopy.visual.text.TextStim'>, alignHoriz=method-wrapper(...), alignText='center', alignVert=method-wrapper(...), anchorHoriz='center', anchorVert='center', antialias=True, autoDraw=False, autoLog=True, bold=False, color=array([1, 1, 1]), colorSpace='rgb', contrast=1.0, depth=0.0, flipHoriz=False, flipVert=False, font='Open Sans', fontFiles=[], height=0.05, italic=False, languageStyle='LTR', name='leftarmtext', opacity=1.0, ori=0.0, pos=array([0., 0.]), rgb=UNKNOWN, text='left arm', units='height', win=Window(...), wrapWidth=1)
9.2104 	EXP 	Created righarmtext = TextStim(__class__=<class 'psychopy.visual.text.TextStim'>, alignHoriz=method-wrapper(...), alignText='center', alignVert=method-wrapper(...), anchorHoriz='center', anchorVert='center', antialias=True, autoDraw=False, autoLog=True, bold=False, color=array([1, 1, 1]), colorSpace='rgb', contrast=1.0, depth=0.0, flipHoriz=False, flipVert=False, font='Open Sans', fontFiles=[], height=0.05, italic=False, languageStyle='LTR', name='righarmtext', opacity=1.0, ori=0.0, pos=array([0., 0.]), rgb=UNKNOWN, text='right arm', units='height', win=Window(...), wrapWidth=1)
9.2114 	EXP 	Created eyestext = TextStim(__class__=<class 'psychopy.visual.text.TextStim'>, alignHoriz=method-wrapper(...), alignText='center', alignVert=method-wrapper(...), anchorHoriz='center', anchorVert='center', antialias=True, autoDraw=False, autoLog=True, bold=False, color=array([1, 1, 1]), colorSpace='rgb', contrast=1.0, depth=0.0, flipHoriz=False, flipVert=False, font='Open Sans', fontFiles=[], height=0.05, italic=False, languageStyle='LTR', name='eyestext', opacity=1.0, ori=0.0, pos=array([0., 0.]), rgb=UNKNOWN, text='eyes', units='height', win=Window(...), wrapWidth=1)
9.2191 	EXP 	introtext: autoDraw = True
12.1442 	EXP 	Created sequence: random, trialTypes=1, nReps=3, seed=None
12.1445 	EXP 	New trial (rep=0, index=0): None
12.1497 	DATA 	Keypress: space
12.1546 	EXP 	introtext: autoDraw = False
12.1546 	EXP 	headtext: autoDraw = True
19.1698 	EXP 	headtext: autoDraw = False
19.1698 	EXP 	feeettext: autoDraw = True
26.1696 	EXP 	feeettext: autoDraw = False
26.1696 	EXP 	leftarmtext: autoDraw = True
33.1699 	EXP 	leftarmtext: autoDraw = False
33.1699 	EXP 	righarmtext: autoDraw = True
40.1699 	EXP 	righarmtext: autoDraw = False
40.1699 	EXP 	eyestext: autoDraw = True
47.1538 	EXP 	New trial (rep=1, index=0): None
47.1699 	EXP 	eyestext: autoDraw = False
47.1699 	EXP 	headtext: autoDraw = True
54.1698 	EXP 	headtext: autoDraw = False
54.1698 	EXP 	feeettext: autoDraw = True
55.9931 	DATA 	Keypress: escape
56.4243 	EXP 	window1: mouseVisible = True
