0.8068 	WARNING 	We strongly recommend you activate the PTB sound engine in PsychoPy prefs as the preferred audio engine. Its timing is vastly superior. Your prefs are currently set to use ['sounddevice', 'PTB', 'pyo', 'pygame'] (in that order).
12.7945 	WARNING 	User requested fullscreen with size [1024  768], but screen is actually [1470, 956]. Using actual size
13.3689 	EXP 	Created window1 = Window(allowGUI=True, allowStencil=False, autoLog=True, backendConf=UNKNOWN, bitsMode=UNKNOWN, blendMode='avg', bpc=(8, 8, 8), color=array([0, 0, 0]), colorSpace='rgb', depthBits=8, fullscr=<method-wrapper '__getattribute__' of attributeSetter object at 0x7f80098de430>, gamma=None, gammaErrorPolicy='raise', lms=UNKNOWN, monitor=<psychopy.monitors.calibTools.Monitor object at 0x7f7fa866b730>, multiSample=False, name='window1', numSamples=2, pos=[367.5, 239.0], screen=0, size=array([2940, 1912]), stencilBits=0, stereo=False, units='height', useFBO=True, useRetina=True, viewOri=0.0, viewPos=None, viewScale=None, waitBlanking=True, winType='pyglet')
13.3691 	EXP 	window1: mouseVisible = True
13.3704 	EXP 	window1: mouseVisible = False
13.3704 	EXP 	window1: Attempting to measure frame rate of screen (0) ...
13.3705 	EXP 	window1: recordFrameIntervals = False
13.5340 	EXP 	window1: recordFrameIntervals = True
13.7189 	EXP 	Screen (0) actual frame rate measured at 59.64Hz
13.7190 	EXP 	window1: recordFrameIntervals = False
15.4437 	EXP 	Created introtext = TextStim(__class__=<class 'psychopy.visual.text.TextStim'>, alignHoriz=method-wrapper(...), alignText='center', alignVert=method-wrapper(...), anchorHoriz='center', anchorVert='center', antialias=True, autoDraw=False, autoLog=True, bold=False, color=array([1, 1, 1]), colorSpace='rgb', contrast=1.0, depth=0.0, flipHoriz=False, flipVert=False, font='Open Sans', fontFiles=[], height=0.05, italic=False, languageStyle='LTR', name='introtext', opacity=1.0, ori=0.0, pos=array([0., 0.]), rgb=UNKNOWN, text=str(...), units='height', win=Window(...), wrapWidth=1)
15.4470 	EXP 	Created headtext = TextStim(__class__=<class 'psychopy.visual.text.TextStim'>, alignHoriz=method-wrapper(...), alignText='center', alignVert=method-wrapper(...), anchorHoriz='center', anchorVert='center', antialias=True, autoDraw=False, autoLog=True, bold=False, color=array([1, 1, 1]), colorSpace='rgb', contrast=1.0, depth=0.0, flipHoriz=False, flipVert=False, font='Open Sans', fontFiles=[], height=0.05, italic=False, languageStyle='LTR', name='headtext', opacity=1.0, ori=0.0, pos=array([0., 0.]), rgb=UNKNOWN, text='Any text\n\nincluding line breaks', units='height', win=Window(...), wrapWidth=1)
15.4481 	EXP 	Created feeettext = TextStim(__class__=<class 'psychopy.visual.text.TextStim'>, alignHoriz=method-wrapper(...), alignText='center', alignVert=method-wrapper(...), anchorHoriz='center', anchorVert='center', antialias=True, autoDraw=False, autoLog=True, bold=False, color=array([1, 1, 1]), colorSpace='rgb', contrast=1.0, depth=0.0, flipHoriz=False, flipVert=False, font='Open Sans', fontFiles=[], height=0.05, italic=False, languageStyle='LTR', name='feeettext', opacity=1.0, ori=0.0, pos=array([0., 0.]), rgb=UNKNOWN, text='feet', units='height', win=Window(...), wrapWidth=1)
15.4497 	EXP 	Created leftarmtext = TextStim(__class__=<class 'psychopy.visual.text.TextStim'>, alignHoriz=method-wrapper(...), alignText='center', alignVert=method-wrapper(...), anchorHoriz='center', anchorVert='center', antialias=True, autoDraw=False, autoLog=True, bold=False, color=array([1, 1, 1]), colorSpace='rgb', contrast=1.0, depth=0.0, flipHoriz=False, flipVert=False, font='Open Sans', fontFiles=[], height=0.05, italic=False, languageStyle='LTR', name='leftarmtext', opacity=1.0, ori=0.0, pos=array([0., 0.]), rgb=UNKNOWN, text='left arm', units='height', win=Window(...), wrapWidth=1)
15.4511 	EXP 	Created righarmtext = TextStim(__class__=<class 'psychopy.visual.text.TextStim'>, alignHoriz=method-wrapper(...), alignText='center', alignVert=method-wrapper(...), anchorHoriz='center', anchorVert='center', antialias=True, autoDraw=False, autoLog=True, bold=False, color=array([1, 1, 1]), colorSpace='rgb', contrast=1.0, depth=0.0, flipHoriz=False, flipVert=False, font='Open Sans', fontFiles=[], height=0.05, italic=False, languageStyle='LTR', name='righarmtext', opacity=1.0, ori=0.0, pos=array([0., 0.]), rgb=UNKNOWN, text='right arm', units='height', win=Window(...), wrapWidth=1)
15.4522 	EXP 	Created eyestext = TextStim(__class__=<class 'psychopy.visual.text.TextStim'>, alignHoriz=method-wrapper(...), alignText='center', alignVert=method-wrapper(...), anchorHoriz='center', anchorVert='center', antialias=True, autoDraw=False, autoLog=True, bold=False, color=array([1, 1, 1]), colorSpace='rgb', contrast=1.0, depth=0.0, flipHoriz=False, flipVert=False, font='Open Sans', fontFiles=[], height=0.05, italic=False, languageStyle='LTR', name='eyestext', opacity=1.0, ori=0.0, pos=array([0., 0.]), rgb=UNKNOWN, text='eyes', units='height', win=Window(...), wrapWidth=1)
15.4629 	EXP 	introtext: autoDraw = True
18.1050 	EXP 	Created sequence: random, trialTypes=1, nReps=3, seed=None
18.1054 	EXP 	New trial (rep=0, index=0): None
18.1107 	DATA 	Keypress: space
18.1160 	EXP 	introtext: autoDraw = False
18.1160 	EXP 	headtext: autoDraw = True
24.1222 	DATA 	Keypress: escape
24.7262 	EXP 	window1: mouseVisible = True
